Using pre-set license
Built from '2020.3/staging' branch; Version is '2020.3.20f1 (41c4e627c95f) revision 4310246'; Using compiler version '192528614'; Build Type 'Release'
OS: 'Windows 10 Enterprise; OS build 19042.685; Version 2009; 64bit' Language: 'ru' Physical Memory: 7969 MB
BatchMode: 1, IsHumanControllingUs: 0, StartBugReporterOnCrash: 0, Is64bit: 1, IsPro: 0

COMMAND LINE ARGUMENTS:
C:\Program Files\Unity\Hub\Editor\2020.3.20f1\Editor\Unity.exe
-adb2
-batchMode
-noUpm
-name
AssetImportWorker4
-projectPath
C:/Users/Malpk/Desktop/Malpk/Unity project/asdsad/Convic
-logFile
Logs/AssetImportWorker4.log
-srvPort
51787
Successfully changed project path to: C:/Users/Malpk/Desktop/Malpk/Unity project/asdsad/Convic
C:/Users/Malpk/Desktop/Malpk/Unity project/asdsad/Convic
Using Asset Import Pipeline V2.
Refreshing native plugins compatible for Editor in 1816.06 ms, found 3 plugins.
Preloading 0 native plugins for Editor in 0.00 ms.
Initialize engine version: 2020.3.20f1 (41c4e627c95f)
[Subsystems] Discovering subsystems at path C:/Program Files/Unity/Hub/Editor/2020.3.20f1/Editor/Data/Resources/UnitySubsystems
[Subsystems] Discovering subsystems at path C:/Users/Malpk/Desktop/Malpk/Unity project/asdsad/Convic/Assets
GfxDevice: creating device client; threaded=0
Direct3D:
    Version:  Direct3D 11.0 [level 11.1]
    Renderer: NVIDIA GeForce MX330 (ID=0x1d16)
    Vendor:   
    VRAM:     1983 MB
    Driver:   27.21.14.6140
Initialize mono
Mono path[0] = 'C:/Program Files/Unity/Hub/Editor/2020.3.20f1/Editor/Data/Managed'
Mono path[1] = 'C:/Program Files/Unity/Hub/Editor/2020.3.20f1/Editor/Data/MonoBleedingEdge/lib/mono/unityjit'
Mono config path = 'C:/Program Files/Unity/Hub/Editor/2020.3.20f1/Editor/Data/MonoBleedingEdge/etc'
Using monoOptions --debugger-agent=transport=dt_socket,embedding=1,server=y,suspend=n,address=127.0.0.1:56884
Begin MonoManager ReloadAssembly
Registering precompiled unity dll's ...
Register platform support module: C:/Program Files/Unity/Hub/Editor/2020.3.20f1/Editor/Data/PlaybackEngines/WindowsStandaloneSupport/UnityEditor.WindowsStandalone.Extensions.dll
Registered in 0.005598 seconds.
Native extension for WindowsStandalone target not found
Refreshing native plugins compatible for Editor in 252.59 ms, found 3 plugins.
Preloading 0 native plugins for Editor in 0.00 ms.
Mono: successfully reloaded assembly
- Completed reload, in  9.963 seconds
Domain Reload Profiling:
	ReloadAssembly (9964ms)
		BeginReloadAssembly (1829ms)
			ExecutionOrderSort (0ms)
			DisableScriptedObjects (0ms)
			BackupInstance (0ms)
			ReleaseScriptingObjects (0ms)
			CreateAndSetChildDomain (331ms)
		EndReloadAssembly (1453ms)
			LoadAssemblies (1322ms)
			RebuildTransferFunctionScriptingTraits (0ms)
			SetupTypeCache (438ms)
			ReleaseScriptCaches (0ms)
			RebuildScriptCaches (73ms)
			SetupLoadedEditorAssemblies (664ms)
				LogAssemblyErrors (0ms)
				InitializePlatformSupportModulesInManaged (10ms)
				SetLoadedEditorAssemblies (0ms)
				RefreshPlugins (253ms)
				BeforeProcessingInitializeOnLoad (39ms)
				ProcessInitializeOnLoadAttributes (288ms)
				ProcessInitializeOnLoadMethodAttributes (72ms)
				AfterProcessingInitializeOnLoad (0ms)
				EditorAssembliesLoaded (2ms)
			ExecutionOrderSort2 (0ms)
			AwakeInstancesAfterBackupRestoration (0ms)
Platform modules already initialized, skipping
Registering precompiled user dll's ...
Registered in 0.022446 seconds.
Begin MonoManager ReloadAssembly
Native extension for WindowsStandalone target not found
Refreshing native plugins compatible for Editor in 170.39 ms, found 3 plugins.
Preloading 0 native plugins for Editor in 0.00 ms.
Mono: successfully reloaded assembly
- Completed reload, in  3.354 seconds
Domain Reload Profiling:
	ReloadAssembly (3356ms)
		BeginReloadAssembly (477ms)
			ExecutionOrderSort (0ms)
			DisableScriptedObjects (65ms)
			BackupInstance (0ms)
			ReleaseScriptingObjects (0ms)
			CreateAndSetChildDomain (86ms)
		EndReloadAssembly (2610ms)
			LoadAssemblies (349ms)
			RebuildTransferFunctionScriptingTraits (0ms)
			SetupTypeCache (734ms)
			ReleaseScriptCaches (0ms)
			RebuildScriptCaches (166ms)
			SetupLoadedEditorAssemblies (1022ms)
				LogAssemblyErrors (0ms)
				InitializePlatformSupportModulesInManaged (7ms)
				SetLoadedEditorAssemblies (1ms)
				RefreshPlugins (171ms)
				BeforeProcessingInitializeOnLoad (258ms)
				ProcessInitializeOnLoadAttributes (504ms)
				ProcessInitializeOnLoadMethodAttributes (48ms)
				AfterProcessingInitializeOnLoad (33ms)
				EditorAssembliesLoaded (0ms)
			ExecutionOrderSort2 (0ms)
			AwakeInstancesAfterBackupRestoration (11ms)
Platform modules already initialized, skipping
========================================================================
Worker process is ready to serve import requests
Launched and connected shader compiler UnityShaderCompiler.exe after 0.15 seconds
Refreshing native plugins compatible for Editor in 0.93 ms, found 3 plugins.
Preloading 0 native plugins for Editor in 0.00 ms.
Unloading 2802 Unused Serialized files (Serialized files now loaded: 0)
System memory in use before: 113.9 MB.
System memory in use after: 114.1 MB.

Unloading 31 unused Assets to reduce memory usage. Loaded Objects now: 3238.
Total: 3.194300 ms (FindLiveObjects: 0.237400 ms CreateObjectMapping: 0.102700 ms MarkObjects: 2.714100 ms  DeleteObjects: 0.138500 ms)

AssetImportParameters requested are different than current active one (requested -> active):
  custom:framework-win-MediaFoundation: 216162199b28c13a410421893ffa2e32 -> 
  custom:video-decoder-ogg-theora: a1e56fd34408186e4bbccfd4996cb3dc -> 
  custom:container-muxer-webm: aa71ff27fc2769a1b78a27578f13a17b -> 
  custom:container-demuxer-webm: 4f35f7cbe854078d1ac9338744f61a02 -> 
  custom:container-demuxer-ogg: 62fdf1f143b41e24485cea50d1cbac27 -> 
  custom:video-encoder-webm-vp8: eb34c28f22e8b96e1ab97ce403110664 -> 
  custom:video-decoder-webm-vp8: 9c59270c3fd7afecdb556c50c9e8de78 -> 
  custom:audio-decoder-ogg-vorbis: bf7c407c2cedff20999df2af8eb42d56 -> 
  custom:audio-encoder-webm-vorbis: bf7c407c2cedff20999df2af8eb42d56 -> 
========================================================================
Received Import Request.
  path: Assets/Makc/Perfab/Sequence/BaseFive.prefab
  artifactKey: Guid(6856762b8cac20d4dae0eaae995bbf92) Importer(815301076,1909f56bfc062723c751e8b465ee728b)
Start importing Assets/Makc/Perfab/Sequence/BaseFive.prefab using Guid(6856762b8cac20d4dae0eaae995bbf92) Importer(815301076,1909f56bfc062723c751e8b465ee728b)  -> (artifact id: '41a2a3dbe3073d1b67d289f78715b450') in 0.126356 seconds 
  Import took 0.140543 seconds .

========================================================================
Received Prepare
Refreshing native plugins compatible for Editor in 89.85 ms, found 3 plugins.
Preloading 0 native plugins for Editor in 0.00 ms.
Unloading 17 Unused Serialized files (Serialized files now loaded: 0)
System memory in use before: 57.4 MB.
System memory in use after: 57.6 MB.

Unloading 17 unused Assets to reduce memory usage. Loaded Objects now: 3238.
Total: 16.819600 ms (FindLiveObjects: 0.706900 ms CreateObjectMapping: 0.304000 ms MarkObjects: 15.448000 ms  DeleteObjects: 0.357400 ms)

AssetImportParameters requested are different than current active one (requested -> active):
  custom:framework-win-MediaFoundation: 216162199b28c13a410421893ffa2e32 -> 
  custom:video-decoder-ogg-theora: a1e56fd34408186e4bbccfd4996cb3dc -> 
  custom:container-muxer-webm: aa71ff27fc2769a1b78a27578f13a17b -> 
  custom:container-demuxer-webm: 4f35f7cbe854078d1ac9338744f61a02 -> 
  custom:container-demuxer-ogg: 62fdf1f143b41e24485cea50d1cbac27 -> 
  custom:video-encoder-webm-vp8: eb34c28f22e8b96e1ab97ce403110664 -> 
  custom:video-decoder-webm-vp8: 9c59270c3fd7afecdb556c50c9e8de78 -> 
  custom:audio-decoder-ogg-vorbis: bf7c407c2cedff20999df2af8eb42d56 -> 
  custom:audio-encoder-webm-vorbis: bf7c407c2cedff20999df2af8eb42d56 -> 
========================================================================
Received Import Request.
  Time since last request: 88.112259 seconds.
  path: Assets/Makc/Perfab/Tile/Fire.prefab
  artifactKey: Guid(ada2592a64f9e9d4192a41f2e9061a54) Importer(815301076,1909f56bfc062723c751e8b465ee728b)
Start importing Assets/Makc/Perfab/Tile/Fire.prefab using Guid(ada2592a64f9e9d4192a41f2e9061a54) Importer(815301076,1909f56bfc062723c751e8b465ee728b)  -> (artifact id: '3cf875d377ad4cdcf391bd6949371e76') in 0.060526 seconds 
  Import took 0.120256 seconds .

========================================================================
Received Import Request.
  Time since last request: 2.180896 seconds.
  path: Assets/Makc/Perfab/Tile/FireForWall.prefab
  artifactKey: Guid(9a2a459c4a0b332489310eb49e9db58c) Importer(815301076,1909f56bfc062723c751e8b465ee728b)
Start importing Assets/Makc/Perfab/Tile/FireForWall.prefab using Guid(9a2a459c4a0b332489310eb49e9db58c) Importer(815301076,1909f56bfc062723c751e8b465ee728b)  -> (artifact id: 'eeb7743285ef742dfc42d5296955e919') in 0.052089 seconds 
  Import took 0.072758 seconds .

========================================================================
Received Import Request.
  Time since last request: 2.122610 seconds.
  path: Assets/Makc/Perfab/Tile/Fire.prefab
  artifactKey: Guid(ada2592a64f9e9d4192a41f2e9061a54) Importer(815301076,1909f56bfc062723c751e8b465ee728b)
Start importing Assets/Makc/Perfab/Tile/Fire.prefab using Guid(ada2592a64f9e9d4192a41f2e9061a54) Importer(815301076,1909f56bfc062723c751e8b465ee728b)  -> (artifact id: '289991ccda6b5d98ddc761e4c0d19109') in 0.048837 seconds 
  Import took 0.084765 seconds .

========================================================================
Received Import Request.
  Time since last request: 1.740519 seconds.
  path: Assets/Makc/Perfab/Tile/FireForWall.prefab
  artifactKey: Guid(9a2a459c4a0b332489310eb49e9db58c) Importer(815301076,1909f56bfc062723c751e8b465ee728b)
Start importing Assets/Makc/Perfab/Tile/FireForWall.prefab using Guid(9a2a459c4a0b332489310eb49e9db58c) Importer(815301076,1909f56bfc062723c751e8b465ee728b)  -> (artifact id: '51a555bab527d71b1868c4d592e8419d') in 0.043479 seconds 
  Import took 0.065737 seconds .

========================================================================
Received Import Request.
  Time since last request: 3.012402 seconds.
  path: Assets/Makc/Perfab/Tile/FireInfinity.prefab
  artifactKey: Guid(f31b813bd16bdcd4896d6ceeaea89df0) Importer(815301076,1909f56bfc062723c751e8b465ee728b)
Start importing Assets/Makc/Perfab/Tile/FireInfinity.prefab using Guid(f31b813bd16bdcd4896d6ceeaea89df0) Importer(815301076,1909f56bfc062723c751e8b465ee728b)  -> (artifact id: '3c5105543f411f8b37e8351765e76120') in 0.080242 seconds 
  Import took 0.136450 seconds .

========================================================================
Received Prepare
Refreshing native plugins compatible for Editor in 19.75 ms, found 3 plugins.
Preloading 0 native plugins for Editor in 0.00 ms.
Unloading 17 Unused Serialized files (Serialized files now loaded: 0)
System memory in use before: 57.4 MB.
System memory in use after: 57.7 MB.

Unloading 17 unused Assets to reduce memory usage. Loaded Objects now: 3238.
Total: 4.397100 ms (FindLiveObjects: 0.643400 ms CreateObjectMapping: 0.220600 ms MarkObjects: 3.497100 ms  DeleteObjects: 0.034000 ms)

AssetImportParameters requested are different than current active one (requested -> active):
  custom:framework-win-MediaFoundation: 216162199b28c13a410421893ffa2e32 -> 
  custom:video-decoder-ogg-theora: a1e56fd34408186e4bbccfd4996cb3dc -> 
  custom:container-muxer-webm: aa71ff27fc2769a1b78a27578f13a17b -> 
  custom:container-demuxer-webm: 4f35f7cbe854078d1ac9338744f61a02 -> 
  custom:container-demuxer-ogg: 62fdf1f143b41e24485cea50d1cbac27 -> 
  custom:video-encoder-webm-vp8: eb34c28f22e8b96e1ab97ce403110664 -> 
  custom:video-decoder-webm-vp8: 9c59270c3fd7afecdb556c50c9e8de78 -> 
  custom:audio-decoder-ogg-vorbis: bf7c407c2cedff20999df2af8eb42d56 -> 
  custom:audio-encoder-webm-vorbis: bf7c407c2cedff20999df2af8eb42d56 -> 
========================================================================
Received Prepare
Refreshing native plugins compatible for Editor in 31.77 ms, found 3 plugins.
Preloading 0 native plugins for Editor in 0.00 ms.
Unloading 17 Unused Serialized files (Serialized files now loaded: 0)
System memory in use before: 57.4 MB.
System memory in use after: 57.7 MB.

Unloading 17 unused Assets to reduce memory usage. Loaded Objects now: 3238.
Total: 15.921900 ms (FindLiveObjects: 3.741300 ms CreateObjectMapping: 0.304100 ms MarkObjects: 11.836500 ms  DeleteObjects: 0.037500 ms)

AssetImportParameters requested are different than current active one (requested -> active):
  custom:framework-win-MediaFoundation: 216162199b28c13a410421893ffa2e32 -> 
  custom:video-decoder-ogg-theora: a1e56fd34408186e4bbccfd4996cb3dc -> 
  custom:container-muxer-webm: aa71ff27fc2769a1b78a27578f13a17b -> 
  custom:container-demuxer-webm: 4f35f7cbe854078d1ac9338744f61a02 -> 
  custom:container-demuxer-ogg: 62fdf1f143b41e24485cea50d1cbac27 -> 
  custom:video-encoder-webm-vp8: eb34c28f22e8b96e1ab97ce403110664 -> 
  custom:video-decoder-webm-vp8: 9c59270c3fd7afecdb556c50c9e8de78 -> 
  custom:audio-decoder-ogg-vorbis: bf7c407c2cedff20999df2af8eb42d56 -> 
  custom:audio-encoder-webm-vorbis: bf7c407c2cedff20999df2af8eb42d56 -> 
AssetImportWorkerClient::OnTransportError - code=2 error=End of file
